<?xml version="1.0" encoding="UTF-8"?>
<!-- Generated by org.testng.reporters.JUnitReportReporter -->
<testsuite hostname="Syeds" failures="0" tests="1" name="reqChaining.EndtoEndScenario" time="9.926" errors="0" timestamp="2021-12-14T13:15:24 IST" skipped="0">
  <testcase classname="reqChaining.EndtoEndScenario" name="endtoendScenario" time="9.926"/>
  <system-out/>
</testsuite> <!-- reqChaining.EndtoEndScenario -->
