<?xml version="1.0" encoding="UTF-8"?>
<!-- Generated by org.testng.reporters.JUnitReportReporter -->
<testsuite hostname="Syeds" failures="0" tests="1" name="reqChaining.GitParameterTest" time="3.168" errors="0" timestamp="2022-02-23T17:07:29 IST" skipped="0">
  <testcase classname="reqChaining.GitParameterTest" name="gitParameterTest" time="3.168"/>
  <system-out/>
</testsuite> <!-- reqChaining.GitParameterTest -->
