<?xml version="1.0" encoding="UTF-8"?>
<!-- Generated by org.testng.reporters.JUnitReportReporter -->
<testsuite hostname="Syeds" failures="0" tests="1" name="responseTypes.DynamicResponse" time="3.154" errors="0" timestamp="2022-02-23T18:29:29 IST" skipped="0">
  <testcase classname="responseTypes.DynamicResponse" name="dynamicResponse" time="3.154"/>
  <system-out/>
</testsuite> <!-- responseTypes.DynamicResponse -->
