<?xml version="1.0" encoding="UTF-8"?>
<!-- Generated by org.testng.reporters.JUnitReportReporter -->
<testsuite hostname="Syeds" failures="0" tests="1" name="crudWithoutBDD.DeleteProjectTest" time="2.215" errors="0" timestamp="2021-12-09T16:57:40 IST" skipped="0">
  <testcase classname="crudWithoutBDD.DeleteProjectTest" name="deleteProjectTest" time="2.215"/>
  <system-out/>
</testsuite> <!-- crudWithoutBDD.DeleteProjectTest -->
