<?xml version="1.0" encoding="UTF-8"?>
<!-- Generated by org.testng.reporters.JUnitReportReporter -->
<testsuite hostname="Syeds" failures="0" tests="2" name="addJsonBodyin4Types.CreateProjectDataProvider" time="2.792" errors="0" timestamp="2021-12-09T15:15:16 IST" skipped="0">
  <testcase classname="addJsonBodyin4Types.CreateProjectDataProvider" name="ProjectData" time="0.095"/>
  <system-out/>
  <testcase classname="addJsonBodyin4Types.CreateProjectDataProvider" name="ProjectData" time="2.697"/>
  <system-out/>
</testsuite> <!-- addJsonBodyin4Types.CreateProjectDataProvider -->
