<?xml version="1.0" encoding="UTF-8"?>
<!-- Generated by org.testng.reporters.JUnitReportReporter -->
<testsuite hostname="Syeds" failures="0" tests="1" name="reqChaining.ReqChainingTest" time="3.047" errors="0" timestamp="2021-12-09T17:31:50 IST" skipped="0">
  <testcase classname="reqChaining.ReqChainingTest" name="reqChainingTest" time="3.047"/>
  <system-out/>
</testsuite> <!-- reqChaining.ReqChainingTest -->
