<?xml version="1.0" encoding="UTF-8"?>
<!-- Generated by org.testng.reporters.JUnitReportReporter -->
<testsuite hostname="Syeds" failures="0" tests="1" name="hamcrestPack.HamcrestValidation" time="3.215" errors="0" timestamp="2021-12-14T15:05:55 IST" skipped="0">
  <testcase classname="hamcrestPack.HamcrestValidation" name="hamcrestvalidation" time="3.215"/>
  <system-out/>
</testsuite> <!-- hamcrestPack.HamcrestValidation -->
