<?xml version="1.0" encoding="UTF-8"?>
<!-- Generated by org.testng.reporters.JUnitReportReporter -->
<testsuite hostname="Syeds" failures="0" tests="1" name="reqChaining.QueryParametersTest" time="3.477" errors="0" timestamp="2022-02-23T17:15:49 IST" skipped="0">
  <testcase classname="reqChaining.QueryParametersTest" name="queryparametersTest" time="3.477"/>
  <system-out/>
</testsuite> <!-- reqChaining.QueryParametersTest -->
