<?xml version="1.0" encoding="UTF-8"?>
<!-- Generated by org.testng.reporters.JUnitReportReporter -->
<testsuite hostname="Syeds" failures="0" tests="1" name="reqChaining.ReqChainingTest2" time="4.247" errors="0" timestamp="2021-12-10T17:07:21 IST" skipped="0">
  <testcase classname="reqChaining.ReqChainingTest2" name="reqChainingTest2" time="4.247"/>
  <system-out/>
</testsuite> <!-- reqChaining.ReqChainingTest2 -->
