<?xml version="1.0" encoding="UTF-8"?>
<!-- Generated by org.testng.reporters.JUnitReportReporter -->
<testsuite hostname="Syeds" failures="0" tests="1" name="crudWithoutBDD.UpdateTest" time="2.834" errors="0" timestamp="2021-12-14T15:42:02 IST" skipped="0">
  <testcase classname="crudWithoutBDD.UpdateTest" name="updateTest" time="2.834"/>
  <system-out/>
</testsuite> <!-- crudWithoutBDD.UpdateTest -->
