<?xml version="1.0" encoding="UTF-8"?>
<!-- Generated by org.testng.reporters.JUnitReportReporter -->
<testsuite hostname="Syeds" failures="0" tests="1" name="authenticationProgs.BearerToken" time="4.031" errors="0" timestamp="2021-12-14T14:56:45 IST" skipped="0">
  <testcase classname="authenticationProgs.BearerToken" name="bearerToken" time="4.031"/>
  <system-out/>
</testsuite> <!-- authenticationProgs.BearerToken -->
