<?xml version="1.0" encoding="UTF-8"?>
<!-- Generated by org.testng.reporters.JUnitReportReporter -->
<testsuite hostname="Syeds" failures="0" tests="1" name="crudWithBDD.GetProject" time="2.538" errors="0" timestamp="2021-12-14T15:27:53 IST" skipped="0">
  <testcase classname="crudWithBDD.GetProject" name="getProjectTest" time="2.538"/>
  <system-out/>
</testsuite> <!-- crudWithBDD.GetProject -->
