<?xml version="1.0" encoding="UTF-8"?>
<!-- Generated by org.testng.reporters.JUnitReportReporter -->
<testsuite hostname="Syeds" failures="0" tests="1" name="addJsonBodyin4Types.JsonObjectModel" time="2.857" errors="0" timestamp="2021-12-08T18:08:31 IST" skipped="0">
  <testcase classname="addJsonBodyin4Types.JsonObjectModel" name="jsonObjectModel" time="2.857"/>
  <system-out/>
</testsuite> <!-- addJsonBodyin4Types.JsonObjectModel -->
