<?xml version="1.0" encoding="UTF-8"?>
<!-- Generated by org.testng.reporters.JUnitReportReporter -->
<testsuite hostname="Syeds" failures="0" tests="1" name="addJsonBodyin4Types.PojoModel" time="3.025" errors="0" timestamp="2021-12-08T18:02:29 IST" skipped="0">
  <testcase classname="addJsonBodyin4Types.PojoModel" name="pojoModel" time="3.025"/>
  <system-out/>
</testsuite> <!-- addJsonBodyin4Types.PojoModel -->
