<?xml version="1.0" encoding="UTF-8"?>
<!-- Generated by org.testng.reporters.JUnitReportReporter -->
<testsuite hostname="Syeds" failures="0" tests="1" name="crudWithBDD.UpdateProjTest" time="2.860" errors="0" timestamp="2021-12-14T15:34:55 IST" skipped="0">
  <testcase classname="crudWithBDD.UpdateProjTest" name="updateTest" time="2.860"/>
  <system-out/>
</testsuite> <!-- crudWithBDD.UpdateProjTest -->
