<?xml version="1.0" encoding="UTF-8"?>
<!-- Generated by org.testng.reporters.JUnitReportReporter -->
<testsuite hostname="Syeds" failures="0" tests="1" name="authenticationProgs.BearerToken" time="4.343" errors="0" timestamp="2022-02-23T16:42:41 IST" skipped="0">
  <testcase classname="authenticationProgs.BearerToken" name="bearerToken" time="4.343"/>
  <system-out/>
</testsuite> <!-- authenticationProgs.BearerToken -->
