<?xml version="1.0" encoding="UTF-8"?>
<!-- Generated by org.testng.reporters.JUnitReportReporter -->
<testsuite hostname="Syeds" failures="0" tests="1" name="responseTypes.DynamicResponse" time="2.814" errors="0" timestamp="2021-12-09T16:01:41 IST" skipped="0">
  <testcase classname="responseTypes.DynamicResponse" name="dynamicResponse" time="2.814"/>
  <system-out/>
</testsuite> <!-- responseTypes.DynamicResponse -->
