<?xml version="1.0" encoding="UTF-8"?>
<!-- Generated by org.testng.reporters.JUnitReportReporter -->
<testsuite hostname="Syeds" failures="0" tests="1" name="crudWithBDD.DeleteProj" time="2.412" errors="0" timestamp="2021-12-14T15:24:37 IST" skipped="0">
  <testcase classname="crudWithBDD.DeleteProj" name="deleteTest" time="2.412"/>
  <system-out/>
</testsuite> <!-- crudWithBDD.DeleteProj -->
