<?xml version="1.0" encoding="UTF-8"?>
<!-- Generated by org.testng.reporters.JUnitReportReporter -->
<testsuite hostname="Syeds" failures="0" tests="1" name="crudWithoutBDD.GetAllProjectsTest" time="2.434" errors="0" timestamp="2021-12-08T16:53:11 IST" skipped="0">
  <testcase classname="crudWithoutBDD.GetAllProjectsTest" name="getAllProjectsTest" time="2.434"/>
  <system-out/>
</testsuite> <!-- crudWithoutBDD.GetAllProjectsTest -->
