<?xml version="1.0" encoding="UTF-8"?>
<!-- Generated by org.testng.reporters.JUnitReportReporter -->
<testsuite hostname="Syeds" failures="0" tests="1" name="authenticationProgs.PreemptiveAndDigest" time="2.351" errors="0" timestamp="2021-12-14T15:16:01 IST" skipped="0">
  <testcase classname="authenticationProgs.PreemptiveAndDigest" name="Digest" time="2.351"/>
  <system-out/>
</testsuite> <!-- authenticationProgs.PreemptiveAndDigest -->
