<?xml version="1.0" encoding="UTF-8"?>
<!-- Generated by org.testng.reporters.JUnitReportReporter -->
<testsuite hostname="Syeds" failures="0" tests="1" name="authenticationProgs.Auth2" time="3.960" errors="0" timestamp="2021-12-13T15:44:56 IST" skipped="0">
  <testcase classname="authenticationProgs.Auth2" name="auth2" time="3.960"/>
  <system-out/>
</testsuite> <!-- authenticationProgs.Auth2 -->
