<?xml version="1.0" encoding="UTF-8"?>
<!-- Generated by org.testng.reporters.JUnitReportReporter -->
<testsuite hostname="Syeds" failures="0" tests="1" name="reqChaining.PathParameter" time="2.533" errors="0" timestamp="2021-12-09T16:27:57 IST" skipped="0">
  <testcase classname="reqChaining.PathParameter" name="pathParameter" time="2.533"/>
  <system-out/>
</testsuite> <!-- reqChaining.PathParameter -->
