<?xml version="1.0" encoding="UTF-8"?>
<!-- Generated by org.testng.reporters.JUnitReportReporter -->
<testsuite hostname="Syeds" failures="0" tests="1" name="responseTypes.StaticResponse" time="3.088" errors="0" timestamp="2021-12-09T15:59:08 IST" skipped="0">
  <testcase classname="responseTypes.StaticResponse" name="staticResponse" time="3.088"/>
  <system-out/>
</testsuite> <!-- responseTypes.StaticResponse -->
