<?xml version="1.0" encoding="UTF-8"?>
<!-- Generated by org.testng.reporters.JUnitReportReporter -->
<testsuite hostname="Syeds" failures="0" tests="1" name="crudWithoutBDD.CreateProjectTest" time="2.898" errors="0" timestamp="2021-12-09T17:08:49 IST" skipped="0">
  <testcase classname="crudWithoutBDD.CreateProjectTest" name="createProjectTest" time="2.898"/>
  <system-out/>
</testsuite> <!-- crudWithoutBDD.CreateProjectTest -->
