<?xml version="1.0" encoding="UTF-8"?>
<!-- Generated by org.testng.reporters.JUnitReportReporter -->
<testsuite hostname="Syeds" failures="0" tests="1" name="addJsonBodyin4Types.HashmapModel" time="3.683" errors="0" timestamp="2021-12-08T17:22:35 IST" skipped="0">
  <testcase classname="addJsonBodyin4Types.HashmapModel" name="hashmapModel" time="3.683"/>
  <system-out/>
</testsuite> <!-- addJsonBodyin4Types.HashmapModel -->
