<?xml version="1.0" encoding="UTF-8"?>
<!-- Generated by org.testng.reporters.JUnitReportReporter -->
<testsuite hostname="Syeds" failures="0" tests="1" name="addJsonBodyin4Types.JsonFileModel" time="2.429" errors="0" timestamp="2021-12-08T17:28:59 IST" skipped="0">
  <testcase classname="addJsonBodyin4Types.JsonFileModel" name="jsonFileModel" time="2.429"/>
  <system-out/>
</testsuite> <!-- addJsonBodyin4Types.JsonFileModel -->
